<?xml version="1.0" encoding="UTF-8"?><testsuite errors="1" failures="0" name="Ingresar al aplicativo de Davivienda y ver mis productos" skipped="0" tests="1" time="2.08" timestamp="2022-01-11 12:09:43"><testcase name="Ingresar a la app Davivienda exitosamente"><error type="java.lang.ExceptionInInitializerError"/><system-err>null&#13;
cucumber.deps.com.thoughtworks.xstream.XStream.setupConverters(XStream.java:820)&#13;
cucumber.deps.com.thoughtworks.xstream.XStream.&lt;init&gt;(XStream.java:574)&#13;
cucumber.deps.com.thoughtworks.xstream.XStream.&lt;init&gt;(XStream.java:530)&#13;
cucumber.runner.Runner.runPickle(Runner.java:80)&#13;
java.base/jdk.internal.reflect.NativeMethodAccessorImpl.invoke0(Native Method)&#13;
java.base/jdk.internal.reflect.NativeMethodAccessorImpl.invoke(NativeMethodAccessorImpl.java:77)&#13;
java.base/jdk.internal.reflect.DelegatingMethodAccessorImpl.invoke(DelegatingMethodAccessorImpl.java:43)&#13;
worker.org.gradle.process.internal.worker.GradleWorkerMain.run(GradleWorkerMain.java:69)&#13;
worker.org.gradle.process.internal.worker.GradleWorkerMain.main(GradleWorkerMain.java:74)&#13;
✽.que Christopher ingresa a la app Davivienda(src/test/resources/features/davivienda_cliente.feature:9)&#13;
</system-err></testcase></testsuite>